<?xml version="1.0" encoding="utf-8"?><testsuites><testsuite name="pytest" errors="0" failures="0" skipped="0" tests="43" time="2.151" timestamp="2026-03-27T15:02:15.569576" hostname="MacBook-Air-de-Nolan.local"><testcase classname="tests.integration.test_cart_api.TestCart" name="test_ajout_produit_au_panier" time="0.125" /><testcase classname="tests.integration.test_cart_api.TestCart" name="test_sous_total_calcule" time="0.044" /><testcase classname="tests.integration.test_cart_api.TestCart" name="test_ajout_stock_insuffisant_400" time="0.038" /><testcase classname="tests.integration.test_cart_api.TestCart" name="test_ajout_meme_produit_incremente_quantite" time="0.091" /><testcase classname="tests.integration.test_cart_api.TestCart" name="test_vider_panier" time="0.055" /><testcase classname="tests.integration.test_faker_products.TestProductsAvecFaker" name="test_creation_donnees_faker" time="0.029" /><testcase classname="tests.integration.test_faker_products.TestProductsAvecFaker" name="test_liste_avec_multiple_produits" time="0.197" /><testcase classname="tests.integration.test_faker_products.TestProductsAvecFaker" name="test_validation_prix[0.0-True]" time="0.046" /><testcase classname="tests.integration.test_faker_products.TestProductsAvecFaker" name="test_validation_prix[-1.0-True]" time="0.029" /><testcase classname="tests.integration.test_faker_products.TestProductsAvecFaker" name="test_validation_prix[0.01-False]" time="0.033" /><testcase classname="tests.integration.test_faker_products.TestProductsAvecFaker" name="test_validation_prix[9999.99-False]" time="0.035" /><testcase classname="tests.integration.test_faker_products.TestProductsAvecFaker" name="test_noms_longs" time="0.041" /><testcase classname="tests.integration.test_health.TestHealth" name="test_health_ok" time="0.026" /><testcase classname="tests.integration.test_health.TestHealth" name="test_root_accessible" time="0.027" /><testcase classname="tests.integration.test_health.TestHealth" name="test_docs_swagger_accessible" time="0.032" /><testcase classname="tests.integration.test_health.TestHealth" name="test_openapi_json_accessible" time="0.068" /><testcase classname="tests.integration.test_orders_api.TestOrders" name="test_creation_commande_valide" time="0.082" /><testcase classname="tests.integration.test_orders_api.TestOrders" name="test_total_ttc_correct" time="0.062" /><testcase classname="tests.integration.test_orders_api.TestOrders" name="test_commande_decremente_stock" time="0.071" /><testcase classname="tests.integration.test_orders_api.TestOrders" name="test_commande_vide_le_panier" time="0.071" /><testcase classname="tests.integration.test_orders_api.TestOrders" name="test_panier_vide_retourne_400" time="0.020" /><testcase classname="tests.integration.test_orders_api.TestOrders" name="test_commande_avec_coupon" time="0.074" /><testcase classname="tests.integration.test_orders_api.TestOrders" name="test_statut_pending_vers_paid" time="0.055" /><testcase classname="tests.integration.test_orders_api.TestOrders" name="test_transition_invalide_400" time="0.048" /><testcase classname="tests.integration.test_orders_api.TestOrders" name="test_coupon_inexistant_retourne_404" time="0.037" /><testcase classname="tests.integration.test_orders_api.TestOrders" name="test_get_commande_par_id" time="0.049" /><testcase classname="tests.integration.test_products_api.TestListProducts" name="test_liste_vide_au_demarrage" time="0.016" /><testcase classname="tests.integration.test_products_api.TestListProducts" name="test_produit_cree_apparait_dans_liste" time="0.027" /><testcase classname="tests.integration.test_products_api.TestListProducts" name="test_filtre_par_categorie" time="0.020" /><testcase classname="tests.integration.test_products_api.TestListProducts" name="test_pagination_limit" time="0.033" /><testcase classname="tests.integration.test_products_api.TestListProducts" name="test_pagination_skip" time="0.015" /><testcase classname="tests.integration.test_products_api.TestListProducts" name="test_filtre_prix_min_max" time="0.027" /><testcase classname="tests.integration.test_products_api.TestGetProduct" name="test_get_produit_existant" time="0.024" /><testcase classname="tests.integration.test_products_api.TestGetProduct" name="test_get_produit_inexistant_retourne_404" time="0.015" /><testcase classname="tests.integration.test_products_api.TestGetProduct" name="test_schema_complet" time="0.028" /><testcase classname="tests.integration.test_products_api.TestCreateProduct" name="test_creation_valide" time="0.016" /><testcase classname="tests.integration.test_products_api.TestCreateProduct" name="test_creation_prix_negatif_422" time="0.012" /><testcase classname="tests.integration.test_products_api.TestCreateProduct" name="test_creation_nom_vide_422" time="0.012" /><testcase classname="tests.integration.test_products_api.TestCreateProduct" name="test_creation_stock_negatif_422" time="0.012" /><testcase classname="tests.integration.test_products_api.TestCreateProduct" name="test_active_true_par_defaut" time="0.016" /><testcase classname="tests.integration.test_products_api.TestUpdateDeleteProduct" name="test_mise_a_jour_prix" time="0.025" /><testcase classname="tests.integration.test_products_api.TestUpdateDeleteProduct" name="test_mise_a_jour_stock" time="0.025" /><testcase classname="tests.integration.test_products_api.TestUpdateDeleteProduct" name="test_suppression_soft_delete" time="0.027" /></testsuite></testsuites>